\BOOKMARK [0][-]{Doc-Start}{Table\040of\040Contents}{}% 1
\BOOKMARK [0][-]{Doc-Start}{List\040of\040Figures}{}% 2
\BOOKMARK [0][-]{chapter.1}{Examples}{}% 3
\BOOKMARK [1][-]{section.1.1}{Example\040Section}{chapter.1}% 4
\BOOKMARK [2][-]{subsection.1.1.1}{Example\040Subsection}{section.1.1}% 5
\BOOKMARK [1][-]{section.1.2}{Listings}{chapter.1}% 6
\BOOKMARK [1][-]{section.1.3}{Graphics}{chapter.1}% 7
\BOOKMARK [1][-]{section.1.4}{Lists}{chapter.1}% 8
\BOOKMARK [0][-]{chapter.2}{Project\040Description}{}% 9
\BOOKMARK [0][-]{chapter.3}{State\040of\040the\040Art}{}% 10
\BOOKMARK [0][-]{chapter.4}{System\040Overview}{}% 11
\BOOKMARK [0][-]{chapter.5}{Database}{}% 12
\BOOKMARK [1][-]{section.5.1}{Selection\040of\040the\040Database\040System}{chapter.5}% 13
\BOOKMARK [1][-]{section.5.2}{ER-Model}{chapter.5}% 14
\BOOKMARK [0][-]{chapter.6}{Backend}{}% 15
\BOOKMARK [1][-]{section.6.1}{Approach\040to\040a\040Solution}{chapter.6}% 16
\BOOKMARK [1][-]{section.6.2}{Implementation}{chapter.6}% 17
\BOOKMARK [1][-]{section.6.3}{Security}{chapter.6}% 18
\BOOKMARK [0][-]{chapter.7}{The\040RESTful\040Interface}{}% 19
\BOOKMARK [0][-]{chapter.8}{Frontend}{}% 20
\BOOKMARK [1][-]{section.8.1}{Overview}{chapter.8}% 21
\BOOKMARK [1][-]{section.8.2}{mplementation}{chapter.8}% 22
\BOOKMARK [1][-]{section.8.3}{Communication\040with\040the\040RESTful\040Interface}{chapter.8}% 23
